2024-05-15 - 14:16:57:066+02:00 - DEBUG - RAIN_DETERMINER - Initializing
2024-05-15 - 14:16:59:469+02:00 - DEBUG - RAIN_LISTENER - INITIALIZING
2024-05-15 - 14:17:02:366+02:00 - DEBUG - WIPER - INITIALIZING WIPER
2024-05-15 - 14:17:02:374+02:00 - DEBUG - WIPER - DONE INITIALIZING, LISTENING FOR WIPE ACTION
2024-05-15 - 14:17:11:862+02:00 - DEBUG - RAIN_DETERMINER - Rain detected
2024-05-15 - 14:17:11:868+02:00 - DEBUG - RAIN_DETERMINER - Publishing to wiper
2024-05-15 - 14:17:11:877+02:00 - DEBUG - WIPER - Received activate_wiper
2024-05-15 - 14:17:11:883+02:00 - DEBUG - WIPER - WIPING
2024-05-15 - 14:17:11:892+02:00 - DEBUG - WIPER - WIPE FINISH
2024-05-15 - 14:17:19:273+02:00 - DEBUG - RAIN_DETERMINER - Rain detected
2024-05-15 - 14:17:19:279+02:00 - DEBUG - RAIN_DETERMINER - Publishing to wiper
2024-05-15 - 14:17:19:288+02:00 - DEBUG - WIPER - Received activate_wiper
2024-05-15 - 14:17:19:295+02:00 - DEBUG - WIPER - WIPING
2024-05-15 - 14:17:19:303+02:00 - DEBUG - WIPER - WIPE FINISH
2024-05-15 - 14:17:20:875+02:00 - DEBUG - RAIN_DETERMINER - Rain detected
2024-05-15 - 14:17:20:882+02:00 - DEBUG - RAIN_DETERMINER - Publishing to wiper
2024-05-15 - 14:17:20:890+02:00 - DEBUG - WIPER - Received activate_wiper
2024-05-15 - 14:17:20:897+02:00 - DEBUG - WIPER - WIPING
2024-05-15 - 14:17:20:905+02:00 - DEBUG - WIPER - WIPE FINISH
2024-05-15 - 14:17:22:276+02:00 - DEBUG - RAIN_DETERMINER - Rain detected
2024-05-15 - 14:17:22:284+02:00 - DEBUG - RAIN_DETERMINER - Publishing to wiper
2024-05-15 - 14:17:22:293+02:00 - DEBUG - WIPER - Received activate_wiper
2024-05-15 - 14:17:22:299+02:00 - DEBUG - WIPER - WIPING
2024-05-15 - 14:17:22:307+02:00 - DEBUG - WIPER - WIPE FINISH
2024-05-15 - 14:17:23:775+02:00 - DEBUG - RAIN_DETERMINER - Rain detected
2024-05-15 - 14:17:23:782+02:00 - DEBUG - RAIN_DETERMINER - Publishing to wiper
2024-05-15 - 14:17:23:791+02:00 - DEBUG - WIPER - Received activate_wiper
2024-05-15 - 14:17:23:797+02:00 - DEBUG - WIPER - WIPING
2024-05-15 - 14:17:23:806+02:00 - DEBUG - WIPER - WIPE FINISH
2024-05-15 - 14:17:25:377+02:00 - DEBUG - RAIN_DETERMINER - Rain detected
2024-05-15 - 14:17:25:383+02:00 - DEBUG - RAIN_DETERMINER - Publishing to wiper
2024-05-15 - 14:17:25:392+02:00 - DEBUG - WIPER - Received activate_wiper
2024-05-15 - 14:17:25:399+02:00 - DEBUG - WIPER - WIPING
2024-05-15 - 14:17:25:407+02:00 - DEBUG - WIPER - WIPE FINISH
2024-05-15 - 14:17:26:778+02:00 - DEBUG - RAIN_DETERMINER - Rain detected
2024-05-15 - 14:17:26:787+02:00 - DEBUG - RAIN_DETERMINER - Publishing to wiper
2024-05-15 - 14:17:26:796+02:00 - DEBUG - WIPER - Received activate_wiper
2024-05-15 - 14:17:26:802+02:00 - DEBUG - WIPER - WIPING
2024-05-15 - 14:17:26:811+02:00 - DEBUG - WIPER - WIPE FINISH
2024-05-15 - 14:17:28:181+02:00 - DEBUG - RAIN_DETERMINER - Rain detected
2024-05-15 - 14:17:28:188+02:00 - DEBUG - RAIN_DETERMINER - Publishing to wiper
2024-05-15 - 14:17:28:198+02:00 - DEBUG - WIPER - Received activate_wiper
2024-05-15 - 14:17:28:205+02:00 - DEBUG - WIPER - WIPING
2024-05-15 - 14:17:28:214+02:00 - DEBUG - WIPER - WIPE FINISH
2024-05-15 - 14:17:29:580+02:00 - DEBUG - RAIN_DETERMINER - Rain detected
2024-05-15 - 14:17:29:587+02:00 - DEBUG - RAIN_DETERMINER - Publishing to wiper
2024-05-15 - 14:17:29:597+02:00 - DEBUG - WIPER - Received activate_wiper
2024-05-15 - 14:17:29:604+02:00 - DEBUG - WIPER - WIPING
2024-05-15 - 14:17:29:613+02:00 - DEBUG - WIPER - WIPE FINISH
2024-05-15 - 14:17:31:081+02:00 - DEBUG - RAIN_DETERMINER - Rain detected
2024-05-15 - 14:17:31:087+02:00 - DEBUG - RAIN_DETERMINER - Publishing to wiper
2024-05-15 - 14:17:31:096+02:00 - DEBUG - WIPER - Received activate_wiper
2024-05-15 - 14:17:31:103+02:00 - DEBUG - WIPER - WIPING
2024-05-15 - 14:17:31:112+02:00 - DEBUG - WIPER - WIPE FINISH
2024-05-15 - 14:17:32:882+02:00 - DEBUG - RAIN_DETERMINER - Rain detected
2024-05-15 - 14:17:32:889+02:00 - DEBUG - RAIN_DETERMINER - Publishing to wiper
2024-05-15 - 14:17:32:898+02:00 - DEBUG - WIPER - Received activate_wiper
2024-05-15 - 14:17:32:904+02:00 - DEBUG - WIPER - WIPING
2024-05-15 - 14:17:32:912+02:00 - DEBUG - WIPER - WIPE FINISH
2024-05-15 - 14:17:35:284+02:00 - DEBUG - RAIN_DETERMINER - Rain detected
2024-05-15 - 14:17:35:291+02:00 - DEBUG - RAIN_DETERMINER - Publishing to wiper
2024-05-15 - 14:17:35:300+02:00 - DEBUG - WIPER - Received activate_wiper
2024-05-15 - 14:17:35:306+02:00 - DEBUG - WIPER - WIPING
2024-05-15 - 14:17:35:315+02:00 - DEBUG - WIPER - WIPE FINISH
2024-05-15 - 14:17:38:288+02:00 - DEBUG - RAIN_DETERMINER - Rain detected
2024-05-15 - 14:17:38:294+02:00 - DEBUG - RAIN_DETERMINER - Publishing to wiper
2024-05-15 - 14:17:38:303+02:00 - DEBUG - WIPER - Received activate_wiper
2024-05-15 - 14:17:38:310+02:00 - DEBUG - WIPER - WIPING
2024-05-15 - 14:17:38:319+02:00 - DEBUG - WIPER - WIPE FINISH
2024-05-15 - 14:17:42:592+02:00 - DEBUG - RAIN_DETERMINER - Rain detected
2024-05-15 - 14:17:42:598+02:00 - DEBUG - RAIN_DETERMINER - Publishing to wiper
2024-05-15 - 14:17:42:607+02:00 - DEBUG - WIPER - Received activate_wiper
2024-05-15 - 14:17:42:613+02:00 - DEBUG - WIPER - WIPING
2024-05-15 - 14:17:42:621+02:00 - DEBUG - WIPER - WIPE FINISH
2024-05-15 - 14:17:45:898+02:00 - DEBUG - RAIN_DETERMINER - Rain detected
2024-05-15 - 14:17:45:904+02:00 - DEBUG - RAIN_DETERMINER - Publishing to wiper
2024-05-15 - 14:17:45:913+02:00 - DEBUG - WIPER - Received activate_wiper
2024-05-15 - 14:17:45:919+02:00 - DEBUG - WIPER - WIPING
2024-05-15 - 14:17:45:927+02:00 - DEBUG - WIPER - WIPE FINISH
2024-05-15 - 14:17:48:800+02:00 - DEBUG - RAIN_DETERMINER - Rain detected
2024-05-15 - 14:17:48:806+02:00 - DEBUG - RAIN_DETERMINER - Publishing to wiper
2024-05-15 - 14:17:48:815+02:00 - DEBUG - WIPER - Received activate_wiper
2024-05-15 - 14:17:48:822+02:00 - DEBUG - WIPER - WIPING
2024-05-15 - 14:17:48:830+02:00 - DEBUG - WIPER - WIPE FINISH
2024-05-15 - 14:17:51:002+02:00 - DEBUG - RAIN_DETERMINER - Rain detected
2024-05-15 - 14:17:51:008+02:00 - DEBUG - RAIN_DETERMINER - Publishing to wiper
2024-05-15 - 14:17:51:017+02:00 - DEBUG - WIPER - Received activate_wiper
2024-05-15 - 14:17:51:024+02:00 - DEBUG - WIPER - WIPING
2024-05-15 - 14:17:51:031+02:00 - DEBUG - WIPER - WIPE FINISH
